
2017-11-03 14:59:44...installerHook: Could not find custom/install/install_hooks.php
2017-11-04 00:32:01...installerHook: Could not find custom/install/install_hooks.php
2017-11-04 00:33:01...installerHook: Could not find custom/install/install_hooks.php
2017-11-04 03:19:51...installerHook: Could not find custom/install/install_hooks.php
2017-11-04 03:19:57...Begin System Check Process *************
2017-11-04 03:19:58...XML Parsing Support Found
2017-11-04 03:19:58...MBString Support Found
2017-11-04 03:19:58...ZIP Support Found
2017-11-04 03:19:58.../custom directory and subdirectory check passed
2017-11-04 03:19:58...cache directory and subdirectory check passed
2017-11-04 03:20:02.../module  directory and subdirectory check passed
2017-11-04 03:20:02.../upload directory check passed
2017-11-04 03:20:02.../zip check passed
2017-11-04 03:20:02...PCRE version check passed
2017-11-04 03:20:02...installerHook: Could not find custom/install/install_hooks.php
2017-11-04 03:20:02...php.ini location found. C:\wamp64\bin\apache\apache2.4.27\bin\php.ini
2017-11-04 03:20:02...Outputting HTML for System check
2017-11-04 03:20:02...No Errors were found *************
2017-11-04 03:21:13...installerHook: Could not find custom/install/install_hooks.php
2017-11-04 03:23:34...installerHook: Could not find custom/install/install_hooks.php
2017-11-04 03:24:39...installerHook: Could not find custom/install/install_hooks.php
2017-11-04 03:25:51...Begin DB Check Process *************
2017-11-04 03:25:51...testing with mysql:mysqli
2017-11-04 03:25:51...Basic form info is valid, continuing Process.
2017-11-04 03:25:51...Testing user account...
2017-11-04 03:25:51...Connection made using  host: localhost, usr: slim
2017-11-04 03:25:51...SUCCESS:: no errors detected!
2017-11-04 03:25:51...End DB Check Process *************
2017-11-04 03:25:52...installerHook: Could not find custom/install/install_hooks.php
2017-11-04 03:25:52...calling handleSugarConfig()
2017-11-04 03:25:52...calling handleHtaccess()
2017-11-04 03:25:52...calling handleDbCreateDatabase()
2017-11-04 03:25:55...looping through all the Beans and create their tables
2017-11-04 03:25:55...processing table acl_actions
2017-11-04 03:25:55...creating table acl_actions
2017-11-04 03:25:55...creating Relationship Meta for ACLAction
2017-11-04 03:25:55...processing table acl_roles
2017-11-04 03:25:55...creating table acl_roles
2017-11-04 03:25:55...creating Relationship Meta for ACLRole
2017-11-04 03:25:55...processing table relationships
2017-11-04 03:25:55...creating table relationships
2017-11-04 03:25:55...creating Relationship Meta for Relationship
2017-11-04 03:25:55...processing table leads
2017-11-04 03:25:56...creating table leads
2017-11-04 03:25:56...creating Relationship Meta for Lead
2017-11-04 03:25:56...processing table cases
2017-11-04 03:25:57...creating table cases
2017-11-04 03:25:57...creating Relationship Meta for Case
2017-11-04 03:25:57...processing table bugs
2017-11-04 03:25:58...creating table bugs
2017-11-04 03:25:58...creating Relationship Meta for Bug
2017-11-04 03:25:58...processing table users
2017-11-04 03:25:59...creating table users
2017-11-04 03:25:59...creating Relationship Meta for User
2017-11-04 03:25:59...processing table campaign_log
2017-11-04 03:25:59...creating table campaign_log
2017-11-04 03:25:59...creating Relationship Meta for CampaignLog
2017-11-04 03:25:59...processing table project
2017-11-04 03:26:00...creating table project
2017-11-04 03:26:00...creating Relationship Meta for Project
2017-11-04 03:26:00...processing table project_task
2017-11-04 03:26:01...creating table project_task
2017-11-04 03:26:01...creating Relationship Meta for ProjectTask
2017-11-04 03:26:01...processing table campaigns
2017-11-04 03:26:02...creating table campaigns
2017-11-04 03:26:02...creating Relationship Meta for Campaign
2017-11-04 03:26:02...processing table prospect_lists
2017-11-04 03:26:03...creating table prospect_lists
2017-11-04 03:26:03...creating Relationship Meta for ProspectList
2017-11-04 03:26:03...processing table prospects
2017-11-04 03:26:04...creating table prospects
2017-11-04 03:26:04...creating Relationship Meta for Prospect
2017-11-04 03:26:04...processing table email_marketing
2017-11-04 03:26:04...creating table email_marketing
2017-11-04 03:26:04...creating Relationship Meta for EmailMarketing
2017-11-04 03:26:04...processing table campaign_trkrs
2017-11-04 03:26:05...creating table campaign_trkrs
2017-11-04 03:26:05...creating Relationship Meta for CampaignTracker
2017-11-04 03:26:05...processing table releases
2017-11-04 03:26:05...creating table releases
2017-11-04 03:26:05...creating Relationship Meta for Release
2017-11-04 03:26:05...processing table emailman
2017-11-04 03:26:05...creating table emailman
2017-11-04 03:26:05...creating Relationship Meta for EmailMan
2017-11-04 03:26:05...processing table schedulers
2017-11-04 03:26:05...creating table schedulers
2017-11-04 03:26:05...creating Relationship Meta for Scheduler
2017-11-04 03:26:05...processing table job_queue
2017-11-04 03:26:05...creating table job_queue
2017-11-04 03:26:05...creating Relationship Meta for SchedulersJob
2017-11-04 03:26:05...processing table contacts
2017-11-04 03:26:06...creating table contacts
2017-11-04 03:26:06...creating Relationship Meta for Contact
2017-11-04 03:26:06...processing table accounts
2017-11-04 03:26:07...creating table accounts
2017-11-04 03:26:07...creating Relationship Meta for Account
2017-11-04 03:26:07...processing table opportunities
2017-11-04 03:26:08...creating table opportunities
2017-11-04 03:26:08...creating Relationship Meta for Opportunity
2017-11-04 03:26:08...processing table email_templates
2017-11-04 03:26:09...creating table email_templates
2017-11-04 03:26:09...creating Relationship Meta for EmailTemplate
2017-11-04 03:26:09...processing table notes
2017-11-04 03:26:10...creating table notes
2017-11-04 03:26:10...creating Relationship Meta for Note
2017-11-04 03:26:10...processing table calls
2017-11-04 03:26:11...creating table calls
2017-11-04 03:26:11...creating Relationship Meta for Call
2017-11-04 03:26:11...processing table emails
2017-11-04 03:26:11...creating table emails
2017-11-04 03:26:11...creating Relationship Meta for Email
2017-11-04 03:26:12...processing table meetings
2017-11-04 03:26:12...creating table meetings
2017-11-04 03:26:12...creating Relationship Meta for Meeting
2017-11-04 03:26:12...processing table tasks
2017-11-04 03:26:13...creating table tasks
2017-11-04 03:26:13...creating Relationship Meta for Task
2017-11-04 03:26:13...processing table users
2017-11-04 03:26:13...processing table users
2017-11-04 03:26:13...processing table currencies
2017-11-04 03:26:13...creating table currencies
2017-11-04 03:26:13...creating Relationship Meta for Currency
2017-11-04 03:26:13...processing table tracker
2017-11-04 03:26:13...creating table tracker
2017-11-04 03:26:13...creating Relationship Meta for Tracker
2017-11-04 03:26:14...processing table import_maps
2017-11-04 03:26:14...creating table import_maps
2017-11-04 03:26:14...creating Relationship Meta for ImportMap
2017-11-04 03:26:14...processing table users_last_import
2017-11-04 03:26:14...creating table users_last_import
2017-11-04 03:26:14...creating Relationship Meta for UsersLastImport
2017-11-04 03:26:14...processing table config
2017-11-04 03:26:14...creating table config
2017-11-04 03:26:14...creating Relationship Meta for Administration
2017-11-04 03:26:14...processing table upgrade_history
2017-11-04 03:26:14...creating table upgrade_history
2017-11-04 03:26:14...creating Relationship Meta for UpgradeHistory
2017-11-04 03:26:14...processing table vcals
2017-11-04 03:26:14...creating table vcals
2017-11-04 03:26:14...creating Relationship Meta for vCal
2017-11-04 03:26:14...processing table alerts
2017-11-04 03:26:15...creating table alerts
2017-11-04 03:26:15...creating Relationship Meta for Alert
2017-11-04 03:26:15...processing table roles
2017-11-04 03:26:15...creating table roles
2017-11-04 03:26:15...creating Relationship Meta for Role
2017-11-04 03:26:16...processing table documents
2017-11-04 03:26:16...creating table documents
2017-11-04 03:26:16...creating Relationship Meta for Document
2017-11-04 03:26:16...processing table document_revisions
2017-11-04 03:26:16...creating table document_revisions
2017-11-04 03:26:16...creating Relationship Meta for DocumentRevision
2017-11-04 03:26:16...processing table fields_meta_data
2017-11-04 03:26:17...creating table fields_meta_data
2017-11-04 03:26:17...creating Relationship Meta for FieldsMetaData
2017-11-04 03:26:17...processing table inbound_email
2017-11-04 03:26:17...creating table inbound_email
2017-11-04 03:26:17...creating Relationship Meta for InboundEmail
2017-11-04 03:26:17...processing table saved_search
2017-11-04 03:26:17...creating table saved_search
2017-11-04 03:26:17...creating Relationship Meta for SavedSearch
2017-11-04 03:26:17...processing table user_preferences
2017-11-04 03:26:17...creating table user_preferences
2017-11-04 03:26:17...creating Relationship Meta for UserPreference
2017-11-04 03:26:17...processing table 
2017-11-04 03:26:17...processing table email_addresses
2017-11-04 03:26:17...creating table email_addresses
2017-11-04 03:26:17...creating Relationship Meta for EmailAddress
2017-11-04 03:26:17...processing table emails_text
2017-11-04 03:26:17...creating table emails_text
2017-11-04 03:26:17...creating Relationship Meta for EmailText
2017-11-04 03:26:18...processing table spots
2017-11-04 03:26:18...creating table spots
2017-11-04 03:26:18...creating Relationship Meta for Spots
2017-11-04 03:26:18...processing table aobh_businesshours
2017-11-04 03:26:18...creating table aobh_businesshours
2017-11-04 03:26:18...creating Relationship Meta for AOBH_BusinessHours
2017-11-04 03:26:19...processing table sugarfeed
2017-11-04 03:26:19...creating table sugarfeed
2017-11-04 03:26:19...creating Relationship Meta for SugarFeed
2017-11-04 03:26:19...processing table eapm
2017-11-04 03:26:19...creating table eapm
2017-11-04 03:26:19...creating Relationship Meta for EAPM
2017-11-04 03:26:20...processing table oauth_consumer
2017-11-04 03:26:20...creating table oauth_consumer
2017-11-04 03:26:20...creating Relationship Meta for OAuthKey
2017-11-04 03:26:20...processing table oauth_tokens
2017-11-04 03:26:20...creating table oauth_tokens
2017-11-04 03:26:20...creating Relationship Meta for OAuthToken
2017-11-04 03:26:20...processing table am_projecttemplates
2017-11-04 03:26:21...creating table am_projecttemplates
2017-11-04 03:26:21...creating Relationship Meta for AM_ProjectTemplates
2017-11-04 03:26:21...processing table am_tasktemplates
2017-11-04 03:26:22...creating table am_tasktemplates
2017-11-04 03:26:22...creating Relationship Meta for AM_TaskTemplates
2017-11-04 03:26:22...processing table favorites
2017-11-04 03:26:22...creating table favorites
2017-11-04 03:26:22...creating Relationship Meta for Favorites
2017-11-04 03:26:22...processing table aok_knowledge_base_categories
2017-11-04 03:26:23...creating table aok_knowledge_base_categories
2017-11-04 03:26:23...creating Relationship Meta for AOK_Knowledge_Base_Categories
2017-11-04 03:26:23...processing table aok_knowledgebase
2017-11-04 03:26:24...creating table aok_knowledgebase
2017-11-04 03:26:24...creating Relationship Meta for AOK_KnowledgeBase
2017-11-04 03:26:24...processing table reminders
2017-11-04 03:26:24...creating table reminders
2017-11-04 03:26:24...creating Relationship Meta for Reminder
2017-11-04 03:26:24...processing table reminders_invitees
2017-11-04 03:26:24...creating table reminders_invitees
2017-11-04 03:26:24...creating Relationship Meta for Reminder_Invitee
2017-11-04 03:26:25...processing table fp_events
2017-11-04 03:26:25...creating table fp_events
2017-11-04 03:26:25...creating Relationship Meta for FP_events
2017-11-04 03:26:25...processing table fp_event_locations
2017-11-04 03:26:26...creating table fp_event_locations
2017-11-04 03:26:26...creating Relationship Meta for FP_Event_Locations
2017-11-04 03:26:26...processing table aod_indexevent
2017-11-04 03:26:27...creating table aod_indexevent
2017-11-04 03:26:27...creating Relationship Meta for AOD_IndexEvent
2017-11-04 03:26:27...processing table aod_index
2017-11-04 03:26:28...creating table aod_index
2017-11-04 03:26:28...creating Relationship Meta for AOD_Index
2017-11-04 03:26:28...processing table aop_case_events
2017-11-04 03:26:29...creating table aop_case_events
2017-11-04 03:26:29...creating Relationship Meta for AOP_Case_Events
2017-11-04 03:26:29...processing table aop_case_updates
2017-11-04 03:26:30...creating table aop_case_updates
2017-11-04 03:26:30...creating Relationship Meta for AOP_Case_Updates
2017-11-04 03:26:30...processing table aor_reports
2017-11-04 03:26:31...creating table aor_reports
2017-11-04 03:26:31...creating Relationship Meta for AOR_Report
2017-11-04 03:26:31...processing table aor_fields
2017-11-04 03:26:31...creating table aor_fields
2017-11-04 03:26:31...creating Relationship Meta for AOR_Field
2017-11-04 03:26:32...processing table aor_charts
2017-11-04 03:26:32...creating table aor_charts
2017-11-04 03:26:32...creating Relationship Meta for AOR_Chart
2017-11-04 03:26:32...processing table aor_conditions
2017-11-04 03:26:32...creating table aor_conditions
2017-11-04 03:26:32...creating Relationship Meta for AOR_Condition
2017-11-04 03:26:32...processing table aor_scheduled_reports
2017-11-04 03:26:33...creating table aor_scheduled_reports
2017-11-04 03:26:33...creating Relationship Meta for AOR_Scheduled_Reports
2017-11-04 03:26:33...processing table aos_contracts
2017-11-04 03:26:34...creating table aos_contracts
2017-11-04 03:26:34...creating Relationship Meta for AOS_Contracts
2017-11-04 03:26:34...processing table aos_invoices
2017-11-04 03:26:35...creating table aos_invoices
2017-11-04 03:26:35...creating Relationship Meta for AOS_Invoices
2017-11-04 03:26:35...processing table aos_pdf_templates
2017-11-04 03:26:35...creating table aos_pdf_templates
2017-11-04 03:26:35...creating Relationship Meta for AOS_PDF_Templates
2017-11-04 03:26:36...processing table aos_product_categories
2017-11-04 03:26:36...creating table aos_product_categories
2017-11-04 03:26:36...creating Relationship Meta for AOS_Product_Categories
2017-11-04 03:26:37...processing table aos_products
2017-11-04 03:26:37...creating table aos_products
2017-11-04 03:26:37...creating Relationship Meta for AOS_Products
2017-11-04 03:26:37...processing table aos_products_quotes
2017-11-04 03:26:38...creating table aos_products_quotes
2017-11-04 03:26:38...creating Relationship Meta for AOS_Products_Quotes
2017-11-04 03:26:38...processing table aos_line_item_groups
2017-11-04 03:26:38...creating table aos_line_item_groups
2017-11-04 03:26:38...creating Relationship Meta for AOS_Line_Item_Groups
2017-11-04 03:26:38...processing table aos_quotes
2017-11-04 03:26:39...creating table aos_quotes
2017-11-04 03:26:39...creating Relationship Meta for AOS_Quotes
2017-11-04 03:26:39...processing table aow_actions
2017-11-04 03:26:39...creating table aow_actions
2017-11-04 03:26:39...creating Relationship Meta for AOW_Action
2017-11-04 03:26:39...processing table aow_workflow
2017-11-04 03:26:40...creating table aow_workflow
2017-11-04 03:26:40...creating Relationship Meta for AOW_WorkFlow
2017-11-04 03:26:40...processing table aow_processed
2017-11-04 03:26:41...creating table aow_processed
2017-11-04 03:26:41...creating Relationship Meta for AOW_Processed
2017-11-04 03:26:41...processing table aow_conditions
2017-11-04 03:26:41...creating table aow_conditions
2017-11-04 03:26:41...creating Relationship Meta for AOW_Condition
2017-11-04 03:26:41...processing table jjwg_maps
2017-11-04 03:26:42...creating table jjwg_maps
2017-11-04 03:26:42...creating Relationship Meta for jjwg_Maps
2017-11-04 03:26:42...processing table jjwg_markers
2017-11-04 03:26:43...creating table jjwg_markers
2017-11-04 03:26:43...creating Relationship Meta for jjwg_Markers
2017-11-04 03:26:43...processing table jjwg_areas
2017-11-04 03:26:44...creating table jjwg_areas
2017-11-04 03:26:44...creating Relationship Meta for jjwg_Areas
2017-11-04 03:26:44...processing table jjwg_address_cache
2017-11-04 03:26:45...creating table jjwg_address_cache
2017-11-04 03:26:45...creating Relationship Meta for jjwg_Address_Cache
2017-11-04 03:26:45...processing table calls_reschedule
2017-11-04 03:26:46...creating table calls_reschedule
2017-11-04 03:26:46...creating Relationship Meta for Calls_Reschedule
2017-11-04 03:26:46...processing table securitygroups
2017-11-04 03:26:47...creating table securitygroups
2017-11-04 03:26:47...creating Relationship Meta for SecurityGroup
2017-11-04 03:26:47...processing table outbound_email
2017-11-04 03:26:48...creating table outbound_email
2017-11-04 03:26:48...creating Relationship Meta for OutboundEmailAccounts
2017-11-04 03:26:48...processing table templatesectionline
2017-11-04 03:26:48...creating table templatesectionline
2017-11-04 03:26:48...creating Relationship Meta for TemplateSectionLine
2017-11-04 03:26:54...Begin creating Defaults
2017-11-04 03:26:54...insert defaults into config table
2017-11-04 03:26:54...Creating default users
2017-11-04 03:26:54...Creating default scheduler jobs
2017-11-04 03:26:55...Enable SugarFeeds
2017-11-04 03:26:56...Installation has completed *********
2017-11-04 03:27:30...populating the db with seed data
2017-11-04 03:35:08...Save configuration settings..
2017-11-04 03:35:08...save locale
2017-11-04 03:35:08...new Administration
2017-11-04 03:35:08...retrieveSettings
2017-11-04 03:35:08...AdminWizard OFF
2017-11-04 03:35:08...saveConfig
2017-11-04 03:35:08...new Configurator
2017-11-04 03:35:08...populateFromPost
2017-11-04 03:35:08...handleOverride
2017-11-04 03:35:08...addCronAllowedUser
2017-11-04 03:35:09...saveConfig
2017-11-04 03:35:09...new Currency
2017-11-04 03:35:09...retrieve
2017-11-04 03:35:09...DBG: save currency
2017-11-04 03:35:09...Save user settings..
2017-11-04 03:35:09...DBG: SugarThemeRegistry::getDefault
2017-11-04 03:35:09...DBG: require modules/Users/Save.php